2020/11/11 17:06:24 [notice] 8#8: *2 [lua] ngx_suite.lua:16: run(): 
	 Running adobe.example.test
	 -----------------------------------------------------------------------
, client: 127.0.0.1, server: mocka.tests.io, request: "GET /run-tests?tests= HTTP/1.1", host: "mocka.tests.io"
2020/11/11 17:06:24 [error] 8#8: *2 lua entry thread aborted: runtime error: /usr/local/share/lua/5.1/mocka.lua:342: module 'resty.http' not found:
	no field package.preload['resty.http']
	no file '/usr/local/openresty/nginx/conf/lua/resty/http.lua'
	no file 'scripts/resty/http.lua'
	no file '/usr/local/lib/lua/resty/http.lua'
	no file '/opt/zbstudio/lualibs/resty/http/resty/http.lua'
	no file '/opt/zbstudio/lualibs/resty/http.lua'
	no file '/usr/local/openresty/nginx/conf/tests/lua/resty/http.lua'
	no file '/usr/local/openresty/site/lualib/resty/http.ljbc'
	no file '/usr/local/openresty/site/lualib/resty/http/init.ljbc'
	no file '/usr/local/openresty/lualib/resty/http.ljbc'
	no file '/usr/local/openresty/lualib/resty/http/init.ljbc'
	no file '/usr/local/openresty/site/lualib/resty/http.lua'
	no file '/usr/local/openresty/site/lualib/resty/http/init.lua'
	no file '/usr/local/openresty/lualib/resty/http.lua'
	no file '/usr/local/openresty/lualib/resty/http/init.lua'
	no file './resty/http.lua'
	no file '/usr/local/openresty/luajit/share/luajit-2.1.0-beta3/resty/http.lua'
	no file '/usr/local/share/lua/5.1/resty/http.lua'
	no file '/usr/local/share/lua/5.1/resty/http/init.lua'
	no file '/usr/local/openresty/luajit/share/lua/5.1/resty/http.lua'
	no file '/usr/local/openresty/luajit/share/lua/5.1/resty/http/init.lua'
	no file '/opt/zbstudio/bin/linux/x64/clibs/resty/http.so'
	no file '/usr/local/openresty/nginx/conf/lua/resty/http.so'
	no file '/usr/local/openresty/nginx/conf/tests/lua/resty/http.so'
	no file '/usr/local/openresty/site/lualib/resty/http.so'
	no file '/usr/local/openresty/lualib/resty/http.so'
	no file './resty/http.so'
	no file '/usr/local/lib/lua/5.1/resty/http.so'
	no file '/usr/local/openresty/luajit/lib/lua/5.1/resty/http.so'
	no file '/usr/local/lib/lua/5.1/loadall.so'
	no file '/opt/zbstudio/bin/linux/x64/clibs/resty.so'
	no file '/usr/local/openresty/nginx/conf/lua/resty.so'
	no file '/usr/local/openresty/nginx/conf/tests/lua/resty.so'
	no file '/usr/local/openresty/site/lualib/resty.so'
	no file '/usr/local/openresty/lualib/resty.so'
	no file './resty.so'
	no file '/usr/local/lib/lua/5.1/resty.so'
	no file '/usr/local/openresty/luajit/lib/lua/5.1/resty.so'
	no file '/usr/local/lib/lua/5.1/loadall.so'
stack traceback:
coroutine 0:
	[C]: in function 'oldRequire'
	/usr/local/share/lua/5.1/mocka.lua:342: in function 'require'
	/usr/local/share/lua/5.1/mocka/ngx_suite.lua:29: in function 'run'
	content_by_lua(luaMock.conf:27):15: in main chunk, client: 127.0.0.1, server: mocka.tests.io, request: "GET /run-tests?tests= HTTP/1.1", host: "mocka.tests.io"
